<?xml version="1.0" encoding="UTF-8"?>
<testng-results ignored="0" total="1" passed="1" failed="0" skipped="0">
  <reporter-output>
  </reporter-output>
  <suite started-at="2022-09-19T17:13:54 IST" name="TestNGSuite" finished-at="2022-09-19T17:14:32 IST" duration-ms="38638">
    <groups>
    </groups>
    <test started-at="2022-09-19T17:13:54 IST" name="HybridFrameworkTest" finished-at="2022-09-19T17:14:32 IST" duration-ms="38638">
      <class name="com.nopcommerce.testCases.TC_AddCustomerTest_0003">
        <test-method is-config="true" signature="setup(java.lang.String)[pri:0, instance:com.nopcommerce.testCases.TC_AddCustomerTest_0003@7ec7ffd3]" started-at="2022-09-19T17:13:54 IST" name="setup" finished-at="2022-09-19T17:13:56 IST" duration-ms="2776" status="PASS">
          <params>
            <param index="0">
              <value>
                <![CDATA[edge]]>
              </value>
            </param>
          </params>
          <reporter-output>
          </reporter-output>
        </test-method> <!-- setup -->
        <test-method signature="addNewCustomer()[pri:0, instance:com.nopcommerce.testCases.TC_AddCustomerTest_0003@7ec7ffd3]" started-at="2022-09-19T17:13:56 IST" name="addNewCustomer" finished-at="2022-09-19T17:14:31 IST" duration-ms="35054" status="PASS">
          <reporter-output>
          </reporter-output>
        </test-method> <!-- addNewCustomer -->
        <test-method is-config="true" signature="tearDown()[pri:0, instance:com.nopcommerce.testCases.TC_AddCustomerTest_0003@7ec7ffd3]" started-at="2022-09-19T17:14:31 IST" name="tearDown" finished-at="2022-09-19T17:14:32 IST" duration-ms="761" status="PASS">
          <reporter-output>
          </reporter-output>
        </test-method> <!-- tearDown -->
      </class> <!-- com.nopcommerce.testCases.TC_AddCustomerTest_0003 -->
    </test> <!-- HybridFrameworkTest -->
  </suite> <!-- TestNGSuite -->
</testng-results>
